
=== Wed Dec  5 17:19:17 2018

Packages were changed.
Update Mode: updateDependencies

The following packages were added:
  com.unity.collab-proxy@1.2.11
The following packages were updated:
  com.unity.analytics from version 2.0.16 to 3.2.2
  com.unity.package-manager-ui from version 1.9.11 to 2.0.3
  com.unity.render-pipelines.lightweight from version 1.1.4-preview to 4.1.0-preview
  com.unity.textmeshpro from version 1.2.4 to 1.3.0

=== Wed Dec  5 17:58:51 2018

Packages were changed.
Update Mode: updateDependencies

The following packages were added:
  com.unity.xr.legacyinputhelpers@1.0.0
The following packages were updated:
  com.unity.package-manager-ui from version 2.0.3 to 2.1.0-preview.1
  com.unity.render-pipelines.lightweight from version 4.1.0-preview to 5.0.0-preview

=== Mon Jan  7 18:13:35 2019

Packages were changed.
Update Mode: updateDependencies

The following packages were updated:
  com.unity.package-manager-ui from version 2.1.0-preview.1 to 0.0.0-builtin

=== Mon Apr  8 19:08:48 2019

Packages were changed.
Update Mode: updateDependencies

The following packages were added:
  com.unity.2d.tilemap@1.0.0
  com.unity.2d.sprite@1.0.0
  com.unity.modules.androidjni@1.0.0
The following packages were updated:
  com.unity.collab-proxy from version 1.2.11 to 1.2.16
  com.unity.package-manager-ui from version 0.0.0-builtin to 2.2.0
  com.unity.purchasing from version 2.0.3 to 2.0.6
  com.unity.render-pipelines.lightweight from version 5.0.0-preview to 5.2.3
  com.unity.xr.oculus.standalone from version 1.29.0 to 1.29.1
  com.unity.xr.openvr.standalone from version 1.0.2 to 1.0.3
